<?xml version="1.0" encoding="UTF-8"?>
<!-- Generated by org.testng.reporters.JUnitReportReporter -->
<testsuite hostname="LTIN332923" failures="0" tests="4" name="test.da4" time="0.003" errors="0" timestamp="2022-11-08T18:00:19 IST" skipped="0">
  <testcase classname="test.da4" name="hai" time="0.001"/>
  <system-out/>
  <testcase classname="test.da4" name="haii" time="0.000"/>
  <system-out/>
  <testcase classname="test.da4" name="hai" time="0.001"/>
  <system-out/>
  <testcase classname="test.da4" name="haiii" time="0.001"/>
  <system-out/>
</testsuite> <!-- test.da4 -->
